CRITICAL - 2023-05-30 08:00:44 --> Array to string conversion
in APPPATH/Views/tableLab.php on line 23.
 1 APPPATH/Views/tableLab.php(23): CodeIgniter\Debug\Exceptions->errorHandler(2, 'Array to string conversion', '/Users/aoyama/wwwlab/composerLearning/app/Views/tableLab.php', 23)
 2 SYSTEMPATH/View/View.php(213): include('/Users/aoyama/wwwlab/composerLearning/app/Views/tableLab.php')
 3 SYSTEMPATH/View/View.php(216): CodeIgniter\View\View->CodeIgniter\View\{closure}()
 4 SYSTEMPATH/Common.php(1184): CodeIgniter\View\View->render('tableLab', [], true)
 5 APPPATH/Controllers/Home.php(44): view('tableLab', [...])
 6 SYSTEMPATH/CodeIgniter.php(934): App\Controllers\Home->tableLab()
 7 SYSTEMPATH/CodeIgniter.php(499): CodeIgniter\CodeIgniter->runController(Object(App\Controllers\Home))
 8 SYSTEMPATH/CodeIgniter.php(368): CodeIgniter\CodeIgniter->handleRequest(null, Object(Config\Cache), false)
 9 FCPATH/index.php(67): CodeIgniter\CodeIgniter->run()
10 SYSTEMPATH/Commands/Server/rewrite.php(47): require_once('/Users/aoyama/wwwlab/composerLearning/public/index.php')
CRITICAL - 2023-05-30 08:01:50 --> Array to string conversion
in APPPATH/Views/tableLab.php on line 23.
 1 APPPATH/Views/tableLab.php(23): CodeIgniter\Debug\Exceptions->errorHandler(2, 'Array to string conversion', '/Users/aoyama/wwwlab/composerLearning/app/Views/tableLab.php', 23)
 2 SYSTEMPATH/View/View.php(213): include('/Users/aoyama/wwwlab/composerLearning/app/Views/tableLab.php')
 3 SYSTEMPATH/View/View.php(216): CodeIgniter\View\View->CodeIgniter\View\{closure}()
 4 SYSTEMPATH/Common.php(1184): CodeIgniter\View\View->render('tableLab', [], true)
 5 APPPATH/Controllers/Home.php(44): view('tableLab', [...])
 6 SYSTEMPATH/CodeIgniter.php(934): App\Controllers\Home->tableLab()
 7 SYSTEMPATH/CodeIgniter.php(499): CodeIgniter\CodeIgniter->runController(Object(App\Controllers\Home))
 8 SYSTEMPATH/CodeIgniter.php(368): CodeIgniter\CodeIgniter->handleRequest(null, Object(Config\Cache), false)
 9 FCPATH/index.php(67): CodeIgniter\CodeIgniter->run()
10 SYSTEMPATH/Commands/Server/rewrite.php(47): require_once('/Users/aoyama/wwwlab/composerLearning/public/index.php')
CRITICAL - 2023-05-30 08:02:27 --> Array to string conversion
in APPPATH/Views/tableLab.php on line 23.
 1 APPPATH/Views/tableLab.php(23): CodeIgniter\Debug\Exceptions->errorHandler(2, 'Array to string conversion', '/Users/aoyama/wwwlab/composerLearning/app/Views/tableLab.php', 23)
 2 SYSTEMPATH/View/View.php(213): include('/Users/aoyama/wwwlab/composerLearning/app/Views/tableLab.php')
 3 SYSTEMPATH/View/View.php(216): CodeIgniter\View\View->CodeIgniter\View\{closure}()
 4 SYSTEMPATH/Common.php(1184): CodeIgniter\View\View->render('tableLab', [], true)
 5 APPPATH/Controllers/Home.php(44): view('tableLab', [...])
 6 SYSTEMPATH/CodeIgniter.php(934): App\Controllers\Home->tableLab()
 7 SYSTEMPATH/CodeIgniter.php(499): CodeIgniter\CodeIgniter->runController(Object(App\Controllers\Home))
 8 SYSTEMPATH/CodeIgniter.php(368): CodeIgniter\CodeIgniter->handleRequest(null, Object(Config\Cache), false)
 9 FCPATH/index.php(67): CodeIgniter\CodeIgniter->run()
10 SYSTEMPATH/Commands/Server/rewrite.php(47): require_once('/Users/aoyama/wwwlab/composerLearning/public/index.php')
